This is pdfTeX, Version 3.14159265-2.6-1.40.17 (MiKTeX 2.9 64-bit) (preloaded format=pdflatex 2016.5.28)  23 JUN 2016 11:15
entering extended mode
**./subfig.dtx
(subfig.dtx
LaTeX2e <2016/03/31>
Babel <3.9r> and hyphenation patterns for 75 language(s) loaded.
File: subfig.dtx 
("D:\Users\dayan\AppData\Local\Programs\MiKTeX 2.9\tex\latex\base\ltxdoc.cls"
Document Class: ltxdoc 2015/03/26 v2.0w Standard LaTeX documentation class
*************************************
* Local config file ltxdoc.cfg used
*************************************
(ltxdoc.cfg)
("D:\Users\dayan\AppData\Local\Programs\MiKTeX 2.9\tex\latex\base\article.cls"
Document Class: article 2014/09/29 v1.4h Standard LaTeX document class
("D:\Users\dayan\AppData\Local\Programs\MiKTeX 2.9\tex\latex\base\size10.clo"
File: size10.clo 2014/09/29 v1.4h Standard LaTeX file (size option)
)
\c@part=\count79
\c@section=\count80
\c@subsection=\count81
\c@subsubsection=\count82
\c@paragraph=\count83
\c@subparagraph=\count84
\c@figure=\count85
\c@table=\count86
\abovecaptionskip=\skip41
\belowcaptionskip=\skip42
\bibindent=\dimen102
) ("D:\Users\dayan\AppData\Local\Programs\MiKTeX 2.9\tex\latex\base\doc.sty"
Package: doc 2016/02/15 v2.1g Standard LaTeX documentation package (FMi)
\c@StandardModuleDepth=\count87
\guard@level=\count88
\MacrocodeTopsep=\skip43
\MacroIndent=\dimen103
\macro@cnt=\count89
\MacroTopsep=\skip44
\index@excludelist=\toks14

("D:\Users\dayan\AppData\Local\Programs\MiKTeX 2.9\tex\latex\tools\multicol.sty
"
Package: multicol 2016/04/07 v1.8p multicolumn formatting (FMi)
\c@tracingmulticols=\count90
\mult@box=\box26
\multicol@leftmargin=\dimen104
\c@unbalance=\count91
\c@collectmore=\count92
\doublecol@number=\count93
\multicoltolerance=\count94
\multicolpretolerance=\count95
\full@width=\dimen105
\page@free=\dimen106
\premulticols=\dimen107
\postmulticols=\dimen108
\multicolsep=\skip45
\multicolbaselineskip=\skip46
\partial@page=\box27
\last@line=\box28
\maxbalancingoverflow=\dimen109
\mult@rightbox=\box29
\mult@grightbox=\box30
\mult@gfirstbox=\box31
\mult@firstbox=\box32
\@tempa=\box33
\@tempa=\box34
\@tempa=\box35
\@tempa=\box36
\@tempa=\box37
\@tempa=\box38
\@tempa=\box39
\@tempa=\box40
\@tempa=\box41
\@tempa=\box42
\@tempa=\box43
\@tempa=\box44
\@tempa=\box45
\@tempa=\box46
\@tempa=\box47
\@tempa=\box48
\@tempa=\box49
\c@columnbadness=\count96
\c@finalcolumnbadness=\count97
\last@try=\dimen110
\multicolovershoot=\dimen111
\multicolundershoot=\dimen112
\mult@nat@firstbox=\box50
\colbreak@box=\box51
\mc@col@check@num=\count98
)
\IndexMin=\dimen113
\c@IndexColumns=\count99
\GlossaryMin=\dimen114
\c@GlossaryColumns=\count100
\l@nohyphenation=\language75
\check@sum=\count101
\bslash@cnt=\count102
\wrong@table=\toks15
\c@CodelineNo=\count103
))
("D:\Users\dayan\AppData\Local\Programs\MiKTeX 2.9\tex\latex\hyperref\hyperref.
sty"
Package: hyperref 2016/05/05 v6.83n Hypertext links for LaTeX

("D:\Users\dayan\AppData\Local\Programs\MiKTeX 2.9\tex\generic\oberdiek\hobsub-
hyperref.sty"
Package: hobsub-hyperref 2016/05/16 v1.14 Bundle oberdiek, subset hyperref (HO)


("D:\Users\dayan\AppData\Local\Programs\MiKTeX 2.9\tex\generic\oberdiek\hobsub-
generic.sty"
Package: hobsub-generic 2016/05/16 v1.14 Bundle oberdiek, subset generic (HO)
Package: hobsub 2016/05/16 v1.14 Construct package bundles (HO)
Package: infwarerr 2016/05/16 v1.4 Providing info/warning/error messages (HO)
Package: ltxcmds 2016/05/16 v1.23 LaTeX kernel commands for general use (HO)
Package: ifluatex 2016/05/16 v1.4 Provides the ifluatex switch (HO)
Package ifluatex Info: LuaTeX not detected.
Package: ifvtex 2016/05/16 v1.6 Detect VTeX and its facilities (HO)
Package ifvtex Info: VTeX not detected.
Package: intcalc 2016/05/16 v1.2 Expandable calculations with integers (HO)
Package: ifpdf 2016/05/14 v3.1 Provides the ifpdf switch
Package: etexcmds 2016/05/16 v1.6 Avoid name clashes with e-TeX commands (HO)
Package etexcmds Info: Could not find \expanded.
(etexcmds)             That can mean that you are not using pdfTeX 1.50 or
(etexcmds)             that some package has redefined \expanded.
(etexcmds)             In the latter case, load this package earlier.
Package: kvsetkeys 2016/05/16 v1.17 Key value parser (HO)
Package: kvdefinekeys 2016/05/16 v1.4 Define keys (HO)
Package: pdftexcmds 2016/05/10 v0.21 Utility functions of pdfTeX for LuaTeX (HO
)
Package pdftexcmds Info: LuaTeX not detected.
Package pdftexcmds Info: \pdf@primitive is available.
Package pdftexcmds Info: \pdf@ifprimitive is available.
Package pdftexcmds Info: \pdfdraftmode found.
Package: pdfescape 2016/05/16 v1.14 Implements pdfTeX's escape features (HO)
Package: bigintcalc 2016/05/16 v1.4 Expandable calculations on big integers (HO
)
Package: bitset 2016/05/16 v1.2 Handle bit-vector datatype (HO)
Package: uniquecounter 2016/05/16 v1.3 Provide unlimited unique counter (HO)
)
Package hobsub Info: Skipping package `hobsub' (already loaded).
Package: letltxmacro 2016/05/16 v1.5 Let assignment for LaTeX macros (HO)
Package: hopatch 2016/05/16 v1.3 Wrapper for package hooks (HO)
Package: xcolor-patch 2016/05/16 xcolor patch
Package: atveryend 2016/05/16 v1.9 Hooks at the very end of document (HO)
Package atveryend Info: \enddocument detected (standard20110627).
Package: atbegshi 2016/05/16 v1.17 At begin shipout hook (HO)
Package: refcount 2016/05/16 v3.5 Data extraction from label references (HO)
Package: hycolor 2016/05/16 v1.8 Color options for hyperref/bookmark (HO)
)
("D:\Users\dayan\AppData\Local\Programs\MiKTeX 2.9\tex\latex\graphics\keyval.st
y"
Package: keyval 2014/10/28 v1.15 key=value parser (DPC)
\KV@toks@=\toks16
)
("D:\Users\dayan\AppData\Local\Programs\MiKTeX 2.9\tex\generic\ifxetex\ifxetex.
sty"
Package: ifxetex 2010/09/12 v0.6 Provides ifxetex conditional
)
("D:\Users\dayan\AppData\Local\Programs\MiKTeX 2.9\tex\latex\oberdiek\auxhook.s
ty"
Package: auxhook 2016/05/16 v1.4 Hooks for auxiliary files (HO)
)
("D:\Users\dayan\AppData\Local\Programs\MiKTeX 2.9\tex\latex\oberdiek\kvoptions
.sty"
Package: kvoptions 2016/05/16 v3.12 Key value format for package options (HO)
)
\@linkdim=\dimen115
\Hy@linkcounter=\count104
\Hy@pagecounter=\count105

("D:\Users\dayan\AppData\Local\Programs\MiKTeX 2.9\tex\latex\hyperref\pd1enc.de
f"
File: pd1enc.def 2016/05/05 v6.83n Hyperref: PDFDocEncoding definition (HO)
)
\Hy@SavedSpaceFactor=\count106

("D:\Users\dayan\AppData\Local\Programs\MiKTeX 2.9\tex\latex\00miktex\hyperref.
cfg"
File: hyperref.cfg 2002/06/06 v1.2 hyperref configuration of TeXLive
)
Package hyperref Info: Hyper figures OFF on input line 4446.
Package hyperref Info: Link nesting OFF on input line 4451.
Package hyperref Info: Hyper index ON on input line 4454.
Package hyperref Info: Plain pages OFF on input line 4461.
Package hyperref Info: Backreferencing OFF on input line 4466.
Package hyperref Info: Implicit mode ON; LaTeX internals redefined.
Package hyperref Info: Bookmarks ON on input line 4691.
\c@Hy@tempcnt=\count107
 ("D:\Program Files\MiKTeX 2.9\tex\latex\url\url.sty"
\Urlmuskip=\muskip10
Package: url 2013/09/16  ver 3.4  Verb mode for urls, etc.
)
LaTeX Info: Redefining \url on input line 5044.
\XeTeXLinkMargin=\dimen116
\Fld@menulength=\count108
\Field@Width=\dimen117
\Fld@charsize=\dimen118
Package hyperref Info: Hyper figures OFF on input line 6298.
Package hyperref Info: Link nesting OFF on input line 6303.
Package hyperref Info: Hyper index ON on input line 6306.
Package hyperref Info: backreferencing OFF on input line 6313.
Package hyperref Info: Link coloring OFF on input line 6318.
Package hyperref Info: Link coloring with OCG OFF on input line 6323.
Package hyperref Info: PDF/A mode OFF on input line 6328.
LaTeX Info: Redefining \ref on input line 6368.
LaTeX Info: Redefining \pageref on input line 6372.
\Hy@abspage=\count109
\c@Item=\count110
\c@Hfootnote=\count111
)

Package hyperref Message: Driver (autodetected): hpdftex.


("D:\Users\dayan\AppData\Local\Programs\MiKTeX 2.9\tex\latex\hyperref\hpdftex.d
ef"
File: hpdftex.def 2016/05/05 v6.83n Hyperref driver for pdfTeX
\Fld@listcount=\count112
\c@bookmark@seq@number=\count113

("D:\Users\dayan\AppData\Local\Programs\MiKTeX 2.9\tex\latex\oberdiek\rerunfile
check.sty"
Package: rerunfilecheck 2016/05/16 v1.8 Rerun checks for auxiliary files (HO)
Package uniquecounter Info: New unique counter `rerunfilecheck' on input line 2
82.
)
\Hy@SectionHShift=\skip47
)
LaTeX Info: Redefining \cs on input line 72.
 ("D:\Program Files\MiKTeX 2.9\tex\latex\caption\caption.sty"
Package: caption 2016/02/21 v3.3-144 Customizing captions (AR)

("D:\Program Files\MiKTeX 2.9\tex\latex\caption\caption3.sty"
Package: caption3 2016/05/22 v1.7-166 caption3 kernel (AR)
Package caption3 Info: TeX engine: e-TeX on input line 67.
\captionmargin=\dimen119
\captionmargin@=\dimen120
\captionwidth=\dimen121
\caption@tempdima=\dimen122
\caption@indent=\dimen123
\caption@parindent=\dimen124
\caption@hangindent=\dimen125
)
\c@ContinuedFloat=\count114
Package caption Info: hyperref package is loaded.
) (subfig.sty
Package: subfig 2005/06/28 ver: 1.3 subfig package
\c@KVtest=\count115
\sf@farskip=\skip48
\sf@captopadj=\dimen126
\sf@capskip=\skip49
\sf@nearskip=\skip50
\c@subfigure=\count116
\c@subfigure@save=\count117
\c@lofdepth=\count118
\c@subtable=\count119
\c@subtable@save=\count120
\c@lotdepth=\count121
\sf@top=\skip51
\sf@bottom=\skip52
)
("D:\Users\dayan\AppData\Local\Programs\MiKTeX 2.9\tex\latex\float\float.sty"
Package: float 2001/11/08 v1.3d Float enhancements (AL)
\c@float@type=\count122
\float@exts=\toks17
\float@box=\box52
\@float@everytoks=\toks18
\@floatcapt=\box53
)
\@float@every@map=\toks19
\c@map=\count123
\c@submap=\count124
\c@submap@save=\count125
\c@lomdepth=\count126

("D:\Users\dayan\AppData\Local\Programs\MiKTeX 2.9\tex\latex\graphics\color.sty
"
Package: color 2016/05/09 v1.1c Standard LaTeX Color (DPC)

("D:\Users\dayan\AppData\Local\Programs\MiKTeX 2.9\tex\latex\00miktex\color.cfg
"
File: color.cfg 2016/01/02 v1.6 sample color configuration
)
Package color Info: Driver file: pdftex.def on input line 144.

("D:\Users\dayan\AppData\Local\Programs\MiKTeX 2.9\tex\latex\pdftex-def\pdftex.
def"
File: pdftex.def 2011/05/27 v0.06d Graphics/color for pdfTeX
\Gread@gobject=\count127
)) ("D:\Program Files\MiKTeX 2.9\tex\latex\booktabs\booktabs.sty"
Package: booktabs 2005/04/14 v1.61803 publication quality tables
\heavyrulewidth=\dimen127
\lightrulewidth=\dimen128
\cmidrulewidth=\dimen129
\belowrulesep=\dimen130
\belowbottomsep=\dimen131
\aboverulesep=\dimen132
\abovetopsep=\dimen133
\cmidrulesep=\dimen134
\cmidrulekern=\dimen135
\defaultaddspace=\dimen136
\@cmidla=\count128
\@cmidlb=\count129
\@aboverulesep=\dimen137
\@belowrulesep=\dimen138
\@thisruleclass=\count130
\@lastruleclass=\count131
\@thisrulewidth=\dimen139
)
\tempbox=\box54
\tempdima=\dimen140
\tempdimb=\dimen141
\sf@box=\box55

("D:\Users\dayan\AppData\Local\Programs\MiKTeX 2.9\tex\latex\multirow\multirow.
sty"
\bigstrutjot=\dimen142
) (subfig.aux)
\openout1 = `subfig.aux'.

LaTeX Font Info:    Checking defaults for OML/cmm/m/it on input line 193.
LaTeX Font Info:    ... okay on input line 193.
LaTeX Font Info:    Checking defaults for T1/cmr/m/n on input line 193.
LaTeX Font Info:    ... okay on input line 193.
LaTeX Font Info:    Checking defaults for OT1/cmr/m/n on input line 193.
LaTeX Font Info:    ... okay on input line 193.
LaTeX Font Info:    Checking defaults for OMS/cmsy/m/n on input line 193.
LaTeX Font Info:    ... okay on input line 193.
LaTeX Font Info:    Checking defaults for OMX/cmex/m/n on input line 193.
LaTeX Font Info:    ... okay on input line 193.
LaTeX Font Info:    Checking defaults for U/cmr/m/n on input line 193.
LaTeX Font Info:    ... okay on input line 193.
LaTeX Font Info:    Checking defaults for PD1/pdf/m/n on input line 193.
LaTeX Font Info:    ... okay on input line 193.
\@glossaryfile=\write3
\openout3 = `subfig.glo'.


Writing glossary file subfig.glo 
\@indexfile=\write4
\openout4 = `subfig.idx'.

Writing index file subfig.idx
Package doc Info: Made | a short reference for \verb on input line 193.
\AtBeginShipoutBox=\box56
Package hyperref Info: Link coloring OFF on input line 193.

("D:\Users\dayan\AppData\Local\Programs\MiKTeX 2.9\tex\latex\hyperref\nameref.s
ty"
Package: nameref 2012/10/27 v2.43 Cross-referencing by name of section

("D:\Users\dayan\AppData\Local\Programs\MiKTeX 2.9\tex\generic\oberdiek\gettitl
estring.sty"
Package: gettitlestring 2016/05/16 v1.5 Cleanup title references (HO)
)
\c@section@level=\count132
)
LaTeX Info: Redefining \ref on input line 193.
LaTeX Info: Redefining \pageref on input line 193.
LaTeX Info: Redefining \nameref on input line 193.
 (subfig.out) (subfig.out)
\@outlinefile=\write5
\openout5 = `subfig.out'.

Package caption Info: Begin \AtBeginDocument code.
Package caption Info: subfig package v1.3 is loaded.
Package caption Info: float package is loaded.
Package caption Info: End \AtBeginDocument code.
Package caption Info: We need package `ragged2e' on input line 193.

("D:\Program Files\MiKTeX 2.9\tex\latex\ms\ragged2e.sty"
Package: ragged2e 2009/05/21 v2.1 ragged2e Package (MS)

("D:\Program Files\MiKTeX 2.9\tex\latex\ms\everysel.sty"
Package: everysel 2011/10/28 v1.2 EverySelectfont Package (MS)

ABD: EverySelectfont initializing macros
LaTeX Info: Redefining \selectfont on input line 126.
)
\CenteringLeftskip=\skip53
\RaggedLeftLeftskip=\skip54
\RaggedRightLeftskip=\skip55
\CenteringRightskip=\skip56
\RaggedLeftRightskip=\skip57
\RaggedRightRightskip=\skip58
\CenteringParfillskip=\skip59
\RaggedLeftParfillskip=\skip60
\RaggedRightParfillskip=\skip61
\JustifyingParfillskip=\skip62
\CenteringParindent=\skip63
\RaggedLeftParindent=\skip64
\RaggedRightParindent=\skip65
\JustifyingParindent=\skip66
)
("D:\Program Files\MiKTeX 2.9\tex\context\base\supp-pdf.mkii"
[Loading MPS to PDF converter (version 2006.09.02).]
\scratchcounter=\count133
\scratchdimen=\dimen143
\scratchbox=\box57
\nofMPsegments=\count134
\nofMParguments=\count135
\everyMPshowfont=\toks20
\MPscratchCnt=\count136
\MPscratchDim=\dimen144
\MPnumerator=\count137
\makeMPintoPDFobject=\count138
\everyMPtoPDFconversion=\toks21
) (subfig.dtx
LaTeX Font Info:    External font `cmex10' loaded for size
(Font)              <17.28> on input line 379.
LaTeX Font Info:    External font `cmex10' loaded for size
(Font)              <12> on input line 379.
LaTeX Font Info:    External font `cmex10' loaded for size
(Font)              <8> on input line 379.
LaTeX Font Info:    External font `cmex10' loaded for size
(Font)              <6> on input line 379.
LaTeX Font Info:    External font `cmex10' loaded for size
(Font)              <5> on input line 379.
LaTeX Font Info:    External font `cmex10' loaded for size
(Font)              <9> on input line 383.
 [1

{C:/Users/dayan/AppData/Local/MiKTeX/2.9/pdftex/config/pdftex.map}] [2

] (subfig.toc
LaTeX Font Info:    External font `cmex10' loaded for size
(Font)              <7> on input line 2.
LaTeX Font Info:    Try loading font information for OMS+cmr on input line 5.

("D:\Users\dayan\AppData\Local\Programs\MiKTeX 2.9\tex\latex\base\omscmr.fd"
File: omscmr.fd 2014/09/29 v2.5h Standard LaTeX font definitions
)
LaTeX Font Info:    Font shape `OMS/cmr/m/n' in size <10> not available
(Font)              Font shape `OMS/cmsy/m/n' tried instead on input line 5.

[1])
\tf@toc=\write6
\openout6 = `subfig.toc'.

 (subfig.lof
LaTeX Font Info:    Font shape `OMS/cmtt/m/n' in size <10> not available
(Font)              Font shape `OMS/cmsy/m/n' tried instead on input line 16.
 [2] [3] [4])
\tf@lof=\write7
\openout7 = `subfig.lof'.

 (subfig.lot)
\tf@lot=\write8
\openout8 = `subfig.lot'.

 (subfig.lom)
\tf@lom=\write9
\openout9 = `subfig.lom'.

 [5] [6

]pdfTeX warning (ext4): destination with the same identifier (name{page.1}) has
 been already used, duplicate ignored
<to be read again> 
                   \relax 
l.508 % \end{verbatim}
                       [1]
LaTeX Font Info:    Font shape `OMS/cmr/bx/n' in size <10> not available
(Font)              Font shape `OMS/cmsy/b/n' tried instead on input line 547.
pdfTeX warning (ext4): destination with the same identifier (name{page.2}) has 
been already used, duplicate ignored
<to be read again> 
                   \relax 
l.568 % \end{quote}
                    [2]
Underfull \hbox (badness 1448) in paragraph at lines 588--590
[]\OT1/cmr/m/n/10 Figure num-ber prepended to the
 []


Overfull \hbox (10.51767pt too wide) in paragraph at lines 580--601
 [][] 
 []

[3]
LaTeX Font Info:    Font shape `OMS/cmr/m/n' in size <9> not available
(Font)              Font shape `OMS/cmsy/m/n' tried instead on input line 697.


LaTeX Warning: Marginpar on page 4 moved.

[4]
LaTeX Font Info:    Font shape `OMS/cmr/m/n' in size <8> not available
(Font)              Font shape `OMS/cmsy/m/n' tried instead on input line 800.
 [5] [6] [7] [8pdfTeX warning (ext4): destination with the same identifier (nam
e{Hfootnote.8}) has been already used, duplicate ignored

\AtBegShi@Output ...ipout \box \AtBeginShipoutBox 
                                                  \fi \fi 
l.1120 % T
          he package options supplied with the \cmd{\usepackage} command arepdf
TeX warning (ext4): destination with the same identifier (name{Hfootnote.8}) ha
s been already used, duplicate ignored

\AtBegShi@Output ...ipout \box \AtBeginShipoutBox 
                                                  \fi \fi 
l.1120 % T
          he package options supplied with the \cmd{\usepackage} command are]
[9]

LaTeX Font Warning: Font shape `OT1/cmr/bx/sc' undefined
(Font)              using `OT1/cmr/bx/n' instead on input line 1204.

LaTeX Font Info:    Font shape `OT1/cmss/m/it' in size <10> not available
(Font)              Font shape `OT1/cmss/m/sl' tried instead on input line 1206
.

LaTeX Font Warning: Font shape `OT1/cmss/m/sc' in size <10> not available
(Font)              Font shape `OT1/cmr/m/sc' tried instead on input line 1208.



LaTeX Font Warning: Font shape `OT1/cmss/bx/it' undefined
(Font)              using `OT1/cmss/bx/n' instead on input line 1210.


LaTeX Font Warning: Font shape `OT1/cmss/bx/sl' undefined
(Font)              using `OT1/cmss/bx/n' instead on input line 1211.


LaTeX Font Warning: Font shape `OT1/cmss/bx/sc' undefined
(Font)              using `OT1/cmss/bx/n' instead on input line 1212.

LaTeX Font Info:    Font shape `OT1/cmtt/bx/n' in size <10> not available
(Font)              Font shape `OT1/cmtt/m/n' tried instead on input line 1217.

LaTeX Font Info:    Font shape `OT1/cmtt/bx/it' in size <10> not available
(Font)              Font shape `OT1/cmtt/m/it' tried instead on input line 1218
.

LaTeX Font Warning: Font shape `OT1/cmtt/bx/sl' undefined
(Font)              using `OT1/cmtt/bx/n' instead on input line 1219.

LaTeX Font Info:    Font shape `OT1/cmtt/bx/sl' in size <10> not available
(Font)              Font shape `OT1/cmtt/m/n' tried instead on input line 1219.


LaTeX Font Warning: Font shape `OT1/cmtt/bx/sc' undefined
(Font)              using `OT1/cmtt/bx/n' instead on input line 1220.

LaTeX Font Info:    Font shape `OT1/cmtt/bx/sc' in size <10> not available
(Font)              Font shape `OT1/cmtt/m/n' tried instead on input line 1220.

[10] [11] [12] [13]
Underfull \hbox (badness 1803) in paragraph at lines 1334--1334
[] \OT1/cmr/m/n/8 (b) |Non fuit causa cur pos-tu-laret.
 []


Underfull \hbox (badness 1325) in paragraph at lines 1334--1334
\OT1/cmr/m/n/8 ac-er-rimus ad-ver-sar-ius; in hanc
 []


Underfull \hbox (badness 1803) in paragraph at lines 1335--1335
[] \OT1/cmr/m/n/8 (b) |Non fuit causa cur pos-tu-laret.
 []


Underfull \hbox (badness 1325) in paragraph at lines 1335--1335
\OT1/cmr/m/n/8 ac-er-rimus ad-ver-sar-ius; in hanc
 []


Underfull \hbox (badness 1803) in paragraph at lines 1346--1346
[] \OT1/cmr/m/n/8 (b) |Non fuit causa cur pos-tu-laret.
 []


Underfull \hbox (badness 1325) in paragraph at lines 1346--1346
\OT1/cmr/m/n/8 ac-er-rimus ad-ver-sar-ius; in hanc
 []


Underfull \hbox (badness 3514) in paragraph at lines 1346--1346
[][]|\OT1/cmr/m/n/10 Op-tions [\OT1/cmtt/m/n/10 parskip=5pt,hangindent=10pt,ind
ention=10pt, 
 []


Underfull \hbox (badness 1803) in paragraph at lines 1347--1347
[] \OT1/cmr/m/n/8 (b) |Non fuit causa cur pos-tu-laret.
 []


Underfull \hbox (badness 1325) in paragraph at lines 1347--1347
\OT1/cmr/m/n/8 ac-er-rimus ad-ver-sar-ius; in hanc
 []


Underfull \hbox (badness 3525) in paragraph at lines 1350--1350
[] []|\OT1/cmr/m/n/8 Non fuit causa cur pos-tu-laret.
 []


Underfull \hbox (badness 2005) in paragraph at lines 1350--1350
\OT1/cmr/m/n/8 qui ac-er-rimus ad-ver-sar-ius; in
 []


Underfull \hbox (badness 3525) in paragraph at lines 1351--1351
[] []|\OT1/cmr/m/n/8 Non fuit causa cur pos-tu-laret.
 []


Underfull \hbox (badness 2005) in paragraph at lines 1351--1351
\OT1/cmr/m/n/8 qui ac-er-rimus ad-ver-sar-ius; in
 []


Underfull \hbox (badness 3525) in paragraph at lines 1354--1354
[][]|\OT1/cmr/m/n/8 Non fuit causa cur pos-tu-laret.
 []


Underfull \hbox (badness 2005) in paragraph at lines 1354--1354
\OT1/cmr/m/n/8 qui ac-er-rimus ad-ver-sar-ius; in
 []


Underfull \hbox (badness 3525) in paragraph at lines 1355--1355
[][]|\OT1/cmr/m/n/8 Non fuit causa cur pos-tu-laret.
 []


Underfull \hbox (badness 2005) in paragraph at lines 1355--1355
\OT1/cmr/m/n/8 qui ac-er-rimus ad-ver-sar-ius; in
 []

[14] [15] [16] [17]
Underfull \hbox (badness 3514) in paragraph at lines 1359--1359
[][]|\OT1/cmr/m/n/10 Op-tions [\OT1/cmtt/m/n/10 format=hang,hangindent=10pt,ind
ention=10pt, 
 []


Underfull \hbox (badness 3525) in paragraph at lines 1365--1365
[] []|\OT1/cmr/m/n/8 Non fuit causa cur pos-tu-laret.
 []


Underfull \hbox (badness 2005) in paragraph at lines 1365--1365
\OT1/cmr/m/n/8 qui ac-er-rimus ad-ver-sar-ius; in
 []


Underfull \hbox (badness 8094) in paragraph at lines 1365--1365
[][]|\OT1/cmr/m/n/10 Op-tions [\OT1/cmtt/m/n/10 format=hang,parskip=5pt,indenti
on=10pt, 
 []


Underfull \hbox (badness 3525) in paragraph at lines 1366--1366
[] []|\OT1/cmr/m/n/8 Non fuit causa cur pos-tu-laret.
 []


Underfull \hbox (badness 2005) in paragraph at lines 1366--1366
\OT1/cmr/m/n/8 qui ac-er-rimus ad-ver-sar-ius; in
 []


Underfull \hbox (badness 3525) in paragraph at lines 1369--1369
[][]|\OT1/cmr/m/n/8 Non fuit causa cur pos-tu-laret.
 []


Underfull \hbox (badness 2005) in paragraph at lines 1369--1369
\OT1/cmr/m/n/8 qui ac-er-rimus ad-ver-sar-ius; in
 []


Underfull \hbox (badness 6708) in paragraph at lines 1369--1369
[][]|\OT1/cmr/m/n/10 Op-tions [\OT1/cmtt/m/n/10 format=hang,parskip=5pt,hangind
ent=10pt, 
 []


Underfull \hbox (badness 3525) in paragraph at lines 1370--1370
[][]|\OT1/cmr/m/n/8 Non fuit causa cur pos-tu-laret.
 []


Underfull \hbox (badness 2005) in paragraph at lines 1370--1370
\OT1/cmr/m/n/8 qui ac-er-rimus ad-ver-sar-ius; in
 []


Underfull \hbox (badness 6708) in paragraph at lines 1373--1373
[][]|\OT1/cmr/m/n/10 Op-tions [\OT1/cmtt/m/n/10 format=hang,parskip=5pt,hangind
ent=10pt, 
 []


Underfull \hbox (badness 6708) in paragraph at lines 1376--1376
[][]|\OT1/cmr/m/n/10 Op-tions [\OT1/cmtt/m/n/10 format=hang,parskip=5pt,hangind
ent=10pt, 
 []


Underfull \hbox (badness 7186) in paragraph at lines 1379--1379
\OT1/cmr/m/n/8 hanc rem te, te in-quam,
 []


Underfull \hbox (badness 7186) in paragraph at lines 1380--1380
\OT1/cmr/m/n/8 hanc rem te, te in-quam,
 []


Underfull \hbox (badness 1448) in paragraph at lines 1383--1383
\OT1/cmr/m/n/8 rem te, te in-quam, testem,
 []


Underfull \hbox (badness 1448) in paragraph at lines 1384--1384
\OT1/cmr/m/n/8 rem te, te in-quam, testem,
 []

[18] [19] [20] [21]
Underfull \hbox (badness 2245) in paragraph at lines 1388--1388
\OT1/cmr/m/n/8 laret. Qui hoc in-tel-legi
 []


Underfull \hbox (badness 1558) in paragraph at lines 1388--1388
\OT1/cmr/m/n/8 hanc rem te, te in-quam,
 []


Underfull \hbox (badness 3514) in paragraph at lines 1388--1388
[][]|\OT1/cmr/m/n/10 Op-tions [\OT1/cmtt/m/n/10 margin=10pt,hangindent=10pt,ind
ention=10pt, 
 []


Underfull \hbox (badness 2245) in paragraph at lines 1389--1389
\OT1/cmr/m/n/8 laret. Qui hoc in-tel-legi
 []


Underfull \hbox (badness 1558) in paragraph at lines 1389--1389
\OT1/cmr/m/n/8 hanc rem te, te in-quam,
 []


Underfull \hbox (badness 7186) in paragraph at lines 1394--1394
\OT1/cmr/m/n/8 hanc rem te, te in-quam,
 []


Underfull \hbox (badness 8094) in paragraph at lines 1394--1394
[][]|\OT1/cmr/m/n/10 Op-tions [\OT1/cmtt/m/n/10 margin=10pt,parskip=5pt,indenti
on=10pt, 
 []


Underfull \hbox (badness 7186) in paragraph at lines 1395--1395
\OT1/cmr/m/n/8 hanc rem te, te in-quam,
 []


Underfull \hbox (badness 1448) in paragraph at lines 1398--1398
\OT1/cmr/m/n/8 rem te, te in-quam, testem,
 []


Underfull \hbox (badness 6708) in paragraph at lines 1398--1398
[][]|\OT1/cmr/m/n/10 Op-tions [\OT1/cmtt/m/n/10 margin=10pt,parskip=5pt,hangind
ent=10pt, 
 []


Underfull \hbox (badness 1448) in paragraph at lines 1399--1399
\OT1/cmr/m/n/8 rem te, te in-quam, testem,
 []


Underfull \hbox (badness 2245) in paragraph at lines 1402--1402
\OT1/cmr/m/n/8 laret. Qui hoc in-tel-legi
 []


Underfull \hbox (badness 1558) in paragraph at lines 1402--1402
\OT1/cmr/m/n/8 hanc rem te, te in-quam,
 []


Underfull \hbox (badness 6708) in paragraph at lines 1402--1402
[][]|\OT1/cmr/m/n/10 Op-tions [\OT1/cmtt/m/n/10 margin=10pt,parskip=5pt,hangind
ent=10pt, 
 []


Underfull \hbox (badness 2245) in paragraph at lines 1405--1405
\OT1/cmr/m/n/8 laret. Qui hoc in-tel-legi
 []


Underfull \hbox (badness 1558) in paragraph at lines 1405--1405
\OT1/cmr/m/n/8 hanc rem te, te in-quam,
 []


Underfull \hbox (badness 6708) in paragraph at lines 1405--1405
[][]|\OT1/cmr/m/n/10 Op-tions [\OT1/cmtt/m/n/10 margin=10pt,parskip=5pt,hangind
ent=10pt, 
 []


Underfull \hbox (badness 4156) in paragraph at lines 1406--1406
\OT1/cmr/m/n/8 hanc rem te, te in-quam,
 []


Underfull \hbox (badness 4156) in paragraph at lines 1407--1407
\OT1/cmr/m/n/8 hanc rem te, te in-quam,
 []


Underfull \hbox (badness 1895) in paragraph at lines 1410--1410
[] []|\OT1/cmr/m/n/8 Non fuit causa cur pos-tu-
 []


Underfull \hbox (badness 1117) in paragraph at lines 1410--1410
\OT1/cmr/m/n/8 laret. Qui hoc in-tel-legi
 []


Underfull \hbox (badness 4266) in paragraph at lines 1410--1410
\OT1/cmr/m/n/8 potest? Nae-vio neque
 []


Underfull \hbox (badness 1286) in paragraph at lines 1410--1410
[]\OT1/cmr/m/n/8 Quis huic rei testis est?
 []


Underfull \hbox (badness 1946) in paragraph at lines 1410--1410
\OT1/cmr/m/n/8 sar-ius; in hanc rem te,
 []


Underfull \hbox (badness 8094) in paragraph at lines 1410--1410
[][]|\OT1/cmr/m/n/10 Op-tions [\OT1/cmtt/m/n/10 margin=10pt,format=hang,indenti
on=10pt, 
 []


Underfull \hbox (badness 1895) in paragraph at lines 1411--1411
[] []|\OT1/cmr/m/n/8 Non fuit causa cur pos-tu-
 []


Underfull \hbox (badness 1117) in paragraph at lines 1411--1411
\OT1/cmr/m/n/8 laret. Qui hoc in-tel-legi
 []


Underfull \hbox (badness 4266) in paragraph at lines 1411--1411
\OT1/cmr/m/n/8 potest? Nae-vio neque
 []


Underfull \hbox (badness 1286) in paragraph at lines 1411--1411
[]\OT1/cmr/m/n/8 Quis huic rei testis est?
 []


Underfull \hbox (badness 1946) in paragraph at lines 1411--1411
\OT1/cmr/m/n/8 sar-ius; in hanc rem te,
 []


Underfull \hbox (badness 1895) in paragraph at lines 1414--1414
[][]|\OT1/cmr/m/n/8 Non fuit causa cur pos-tu-
 []


Underfull \hbox (badness 1117) in paragraph at lines 1414--1414
\OT1/cmr/m/n/8 laret. Qui hoc in-tel-legi
 []


Underfull \hbox (badness 4266) in paragraph at lines 1414--1414
\OT1/cmr/m/n/8 potest? Nae-vio neque
 []


Underfull \hbox (badness 6708) in paragraph at lines 1414--1414
[][]|\OT1/cmr/m/n/10 Op-tions [\OT1/cmtt/m/n/10 margin=10pt,format=hang,hangind
ent=10pt, 
 []


Underfull \hbox (badness 1895) in paragraph at lines 1415--1415
[][]|\OT1/cmr/m/n/8 Non fuit causa cur pos-tu-
 []


Underfull \hbox (badness 1117) in paragraph at lines 1415--1415
\OT1/cmr/m/n/8 laret. Qui hoc in-tel-legi
 []


Underfull \hbox (badness 4266) in paragraph at lines 1415--1415
\OT1/cmr/m/n/8 potest? Nae-vio neque
 []

[22] [23] [24] [25]
Underfull \hbox (badness 1231) in paragraph at lines 1419--1419
\OT1/cmr/m/n/8 Nae-vio neque ex so-ci-
 []


Underfull \hbox (badness 1286) in paragraph at lines 1419--1419
[]\OT1/cmr/m/n/8 Quis huic rei testis est?
 []


Underfull \hbox (badness 6708) in paragraph at lines 1419--1419
[][]|\OT1/cmr/m/n/10 Op-tions [\OT1/cmtt/m/n/10 margin=10pt,format=hang,hangind
ent=10pt, 
 []


Underfull \hbox (badness 1231) in paragraph at lines 1422--1422
\OT1/cmr/m/n/8 Nae-vio neque ex so-ci-
 []


Underfull \hbox (badness 1286) in paragraph at lines 1422--1422
[]\OT1/cmr/m/n/8 Quis huic rei testis est?
 []


Underfull \hbox (badness 4156) in paragraph at lines 1425--1425
\OT1/cmr/m/n/8 hanc rem te, te in-quam,
 []


Underfull \hbox (badness 10000) in paragraph at lines 1425--1425
[][]|\OT1/cmr/m/n/10 Op-tions [\OT1/cmtt/m/n/10 margin=10pt,format=hang,parskip
=5pt, 
 []


Underfull \hbox (badness 4156) in paragraph at lines 1426--1426
\OT1/cmr/m/n/8 hanc rem te, te in-quam,
 []


Underfull \hbox (badness 1895) in paragraph at lines 1429--1429
[] []|\OT1/cmr/m/n/8 Non fuit causa cur pos-tu-
 []


Underfull \hbox (badness 1117) in paragraph at lines 1429--1429
\OT1/cmr/m/n/8 laret. Qui hoc in-tel-legi
 []


Underfull \hbox (badness 4266) in paragraph at lines 1429--1429
\OT1/cmr/m/n/8 potest? Nae-vio neque
 []


Underfull \hbox (badness 1286) in paragraph at lines 1429--1429
[]\OT1/cmr/m/n/8 Quis huic rei testis est?
 []


Underfull \hbox (badness 1946) in paragraph at lines 1429--1429
\OT1/cmr/m/n/8 sar-ius; in hanc rem te,
 []


Underfull \hbox (badness 1895) in paragraph at lines 1432--1432
[] []|\OT1/cmr/m/n/8 Non fuit causa cur pos-tu-
 []


Underfull \hbox (badness 1117) in paragraph at lines 1432--1432
\OT1/cmr/m/n/8 laret. Qui hoc in-tel-legi
 []


Underfull \hbox (badness 4266) in paragraph at lines 1432--1432
\OT1/cmr/m/n/8 potest? Nae-vio neque
 []


Underfull \hbox (badness 1286) in paragraph at lines 1432--1432
[]\OT1/cmr/m/n/8 Quis huic rei testis est?
 []


Underfull \hbox (badness 1946) in paragraph at lines 1432--1432
\OT1/cmr/m/n/8 sar-ius; in hanc rem te,
 []


Underfull \hbox (badness 1895) in paragraph at lines 1435--1435
[][]|\OT1/cmr/m/n/8 Non fuit causa cur pos-tu-
 []


Underfull \hbox (badness 1117) in paragraph at lines 1435--1435
\OT1/cmr/m/n/8 laret. Qui hoc in-tel-legi
 []


Underfull \hbox (badness 4266) in paragraph at lines 1435--1435
\OT1/cmr/m/n/8 potest? Nae-vio neque
 []


Underfull \hbox (badness 1895) in paragraph at lines 1438--1438
[][]|\OT1/cmr/m/n/8 Non fuit causa cur pos-tu-
 []


Underfull \hbox (badness 1117) in paragraph at lines 1438--1438
\OT1/cmr/m/n/8 laret. Qui hoc in-tel-legi
 []


Underfull \hbox (badness 4266) in paragraph at lines 1438--1438
\OT1/cmr/m/n/8 potest? Nae-vio neque
 []

[26] [27]
Underfull \hbox (badness 1231) in paragraph at lines 1442--1442
\OT1/cmr/m/n/8 Nae-vio neque ex so-ci-
 []


Underfull \hbox (badness 1286) in paragraph at lines 1442--1442
[]\OT1/cmr/m/n/8 Quis huic rei testis est?
 []


Underfull \hbox (badness 1231) in paragraph at lines 1445--1445
\OT1/cmr/m/n/8 Nae-vio neque ex so-ci-
 []


Underfull \hbox (badness 1286) in paragraph at lines 1445--1445
[]\OT1/cmr/m/n/8 Quis huic rei testis est?
 []


Underfull \hbox (badness 5908) in paragraph at lines 1465--1465
 []\OT1/cmr/m/n/8 (a) |Short cap-tion.|
 []

[28





] [29] [30]
Underfull \hbox (badness 1184) in paragraph at lines 1505--1505
[]\OT1/cmr/m/n/8 (b) |Non fuit causa cur pos-tu-laret.
 []

[31] [32]
LaTeX Font Info:    Try loading font information for OML+cmr on input line 1617
.

("D:\Users\dayan\AppData\Local\Programs\MiKTeX 2.9\tex\latex\base\omlcmr.fd"
File: omlcmr.fd 2014/09/29 v2.5h Standard LaTeX font definitions
)
LaTeX Font Info:    Font shape `OML/cmr/bx/n' in size <10> not available
(Font)              Font shape `OML/cmm/b/it' tried instead on input line 1617.


[33]
Overfull \vbox (1.9132pt too high) detected at line 1660
 []

[34] [35]
Package hyperref Info: bookmark level for unknown map defaults to 0 on input li
ne 1989.
 [36] [37]
Underfull \hbox (badness 10000) in paragraph at lines 2138--2155

 []

[38] [39] [40] [41] [42] [43] [44] [45] [46] [47]
Underfull \hbox (badness 10000) in paragraph at lines 2913--2926

 []

[48] [49

] [50] [51] [52] [53] [54] [55] [56] [57] [58] [59] [60] [61] [62]
[63] [64] [65]
***************************
* Character table correct *
***************************
[66]
*******************
* Checksum passed *
*******************
) [67] (subfig.gls [68]) [69] (subfig.ind [70])
Package atveryend Info: Empty hook `BeforeClearDocument' on input line 196.
 [71]
Package atveryend Info: Empty hook `AfterLastShipout' on input line 196.
 (subfig.aux)
Package atveryend Info: Executing hook `AtVeryEndDocument' on input line 196.
Package atveryend Info: Executing hook `AtEndAfterFileList' on input line 196.
Package rerunfilecheck Info: File `subfig.out' has not changed.
(rerunfilecheck)             Checksum: 617994349EEEE61D0EFE432FB44B0E71;6105.


LaTeX Font Warning: Some font shapes were not available, defaults substituted.

Package atveryend Info: Empty hook `AtVeryVeryEnd' on input line 196.
 ) 
Here is how much of TeX's memory you used:
 7810 strings out of 493335
 119388 string characters out of 3130230
 287017 words of memory out of 3000000
 10725 multiletter control sequences out of 15000+200000
 18008 words of font info for 63 fonts, out of 3000000 for 9000
 1141 hyphenation exceptions out of 8191
 35i,16n,53p,363b,689s stack positions out of 5000i,500n,10000p,200000b,50000s
pdfTeX warning (dest): name{figure.94} has been referenced but does not exist
, replaced by a fixed one

pdfTeX warning (dest): name{figure.93} has been referenced but does not exist, 
replaced by a fixed one

pdfTeX warning (dest): name{Hfootnote.7} has been referenced but does not exist
, replaced by a fixed one

pdfTeX warning (dest): name{Hfootnote.6} has been referenced but does not exist
, replaced by a fixed one

pdfTeX warning (dest): name{Hfootnote.5} has been referenced but does not exist
, replaced by a fixed one

pdfTeX warning (dest): name{Hfootnote.4} has been referenced but does not exist
, replaced by a fixed one

<D:/Users/dayan/AppData/Local/Programs/MiKTeX 2.9/fonts/type1/public/amsfonts/c
m/cmbsy10.pfb><D:/Users/dayan/AppData/Local/Programs/MiKTeX 2.9/fonts/type1/pub
lic/amsfonts/cm/cmbx10.pfb><D:/Users/dayan/AppData/Local/Programs/MiKTeX 2.9/fo
nts/type1/public/amsfonts/cm/cmbx12.pfb><D:/Users/dayan/AppData/Local/Programs/
MiKTeX 2.9/fonts/type1/public/amsfonts/cm/cmbx8.pfb><D:/Users/dayan/AppData/Loc
al/Programs/MiKTeX 2.9/fonts/type1/public/amsfonts/cm/cmbx9.pfb><D:/Users/dayan
/AppData/Local/Programs/MiKTeX 2.9/fonts/type1/public/amsfonts/cm/cmbxsl10.pfb>
<D:/Users/dayan/AppData/Local/Programs/MiKTeX 2.9/fonts/type1/public/amsfonts/c
m/cmbxti10.pfb><D:/Users/dayan/AppData/Local/Programs/MiKTeX 2.9/fonts/type1/pu
blic/amsfonts/cm/cmcsc10.pfb><D:/Users/dayan/AppData/Local/Programs/MiKTeX 2.9/
fonts/type1/public/amsfonts/cm/cmex10.pfb><D:/Users/dayan/AppData/Local/Program
s/MiKTeX 2.9/fonts/type1/public/amsfonts/cm/cmitt10.pfb><D:/Users/dayan/AppData
/Local/Programs/MiKTeX 2.9/fonts/type1/public/amsfonts/cm/cmmi10.pfb><D:/Users/
dayan/AppData/Local/Programs/MiKTeX 2.9/fonts/type1/public/amsfonts/cm/cmmi8.pf
b><D:/Users/dayan/AppData/Local/Programs/MiKTeX 2.9/fonts/type1/public/amsfonts
/cm/cmmi9.pfb><D:/Users/dayan/AppData/Local/Programs/MiKTeX 2.9/fonts/type1/pub
lic/amsfonts/cm/cmmib10.pfb><D:/Users/dayan/AppData/Local/Programs/MiKTeX 2.9/f
onts/type1/public/amsfonts/cm/cmr10.pfb><D:/Users/dayan/AppData/Local/Programs/
MiKTeX 2.9/fonts/type1/public/amsfonts/cm/cmr12.pfb><D:/Users/dayan/AppData/Loc
al/Programs/MiKTeX 2.9/fonts/type1/public/amsfonts/cm/cmr17.pfb><D:/Users/dayan
/AppData/Local/Programs/MiKTeX 2.9/fonts/type1/public/amsfonts/cm/cmr6.pfb><D:/
Users/dayan/AppData/Local/Programs/MiKTeX 2.9/fonts/type1/public/amsfonts/cm/cm
r7.pfb><D:/Users/dayan/AppData/Local/Programs/MiKTeX 2.9/fonts/type1/public/ams
fonts/cm/cmr8.pfb><D:/Users/dayan/AppData/Local/Programs/MiKTeX 2.9/fonts/type1
/public/amsfonts/cm/cmr9.pfb><D:/Users/dayan/AppData/Local/Programs/MiKTeX 2.9/
fonts/type1/public/amsfonts/cm/cmsl10.pfb><D:/Users/dayan/AppData/Local/Program
s/MiKTeX 2.9/fonts/type1/public/amsfonts/cm/cmsl9.pfb><D:/Users/dayan/AppData/L
ocal/Programs/MiKTeX 2.9/fonts/type1/public/amsfonts/cm/cmsltt10.pfb><D:/Users/
dayan/AppData/Local/Programs/MiKTeX 2.9/fonts/type1/public/amsfonts/cm/cmss10.p
fb><D:/Users/dayan/AppData/Local/Programs/MiKTeX 2.9/fonts/type1/public/amsfont
s/cm/cmss17.pfb><D:/Users/dayan/AppData/Local/Programs/MiKTeX 2.9/fonts/type1/p
ublic/amsfonts/cm/cmss8.pfb><D:/Users/dayan/AppData/Local/Programs/MiKTeX 2.9/f
onts/type1/public/amsfonts/cm/cmss9.pfb><D:/Users/dayan/AppData/Local/Programs/
MiKTeX 2.9/fonts/type1/public/amsfonts/cm/cmssbx10.pfb><D:/Users/dayan/AppData/
Local/Programs/MiKTeX 2.9/fonts/type1/public/amsfonts/cm/cmssi10.pfb><D:/Users/
dayan/AppData/Local/Programs/MiKTeX 2.9/fonts/type1/public/amsfonts/cm/cmsy10.p
fb><D:/Users/dayan/AppData/Local/Programs/MiKTeX 2.9/fonts/type1/public/amsfont
s/cm/cmsy6.pfb><D:/Users/dayan/AppData/Local/Programs/MiKTeX 2.9/fonts/type1/pu
blic/amsfonts/cm/cmsy8.pfb><D:/Users/dayan/AppData/Local/Programs/MiKTeX 2.9/fo
nts/type1/public/amsfonts/cm/cmsy9.pfb><D:/Users/dayan/AppData/Local/Programs/M
iKTeX 2.9/fonts/type1/public/amsfonts/cm/cmtcsc10.pfb><D:/Users/dayan/AppData/L
ocal/Programs/MiKTeX 2.9/fonts/type1/public/amsfonts/cm/cmti10.pfb><D:/Users/da
yan/AppData/Local/Programs/MiKTeX 2.9/fonts/type1/public/amsfonts/cm/cmti7.pfb>
<D:/Users/dayan/AppData/Local/Programs/MiKTeX 2.9/fonts/type1/public/amsfonts/c
m/cmti8.pfb><D:/Users/dayan/AppData/Local/Programs/MiKTeX 2.9/fonts/type1/publi
c/amsfonts/cm/cmti9.pfb><D:/Users/dayan/AppData/Local/Programs/MiKTeX 2.9/fonts
/type1/public/amsfonts/cm/cmtt10.pfb><D:/Users/dayan/AppData/Local/Programs/MiK
TeX 2.9/fonts/type1/public/amsfonts/cm/cmtt12.pfb><D:/Users/dayan/AppData/Local
/Programs/MiKTeX 2.9/fonts/type1/public/amsfonts/cm/cmtt8.pfb><D:/Users/dayan/A
ppData/Local/Programs/MiKTeX 2.9/fonts/type1/public/amsfonts/cm/cmtt9.pfb><D:/U
sers/dayan/AppData/Local/Programs/MiKTeX 2.9/fonts/type1/public/amsfonts/latxfo
nt/lcircle1.pfb><D:/Users/dayan/AppData/Local/Programs/MiKTeX 2.9/fonts/type1/p
ublic/amsfonts/latxfont/line10.pfb>
Output written on subfig.pdf (79 pages, 882302 bytes).
PDF statistics:
 1697 PDF objects out of 1728 (max. 8388607)
 529 named destinations out of 1000 (max. 500000)
 577 words of extra memory for PDF output out of 10000 (max. 10000000)

