This is pdfTeX, Version 3.14159265-2.6-1.40.17 (MiKTeX 2.9 64-bit) (preloaded format=pdflatex 2016.5.28)  1 SEP 2016 21:15
entering extended mode
**./bare_conf.tex
(bare_conf.tex
LaTeX2e <2016/03/31>
Babel <3.9r> and hyphenation patterns for 75 language(s) loaded.
(IEEEtran.cls
Document Class: IEEEtran 2012/11/21 V1.8c by Harald Hanche-Olsen and Anders Chr
istensen
-- Based on V1.7a by Michael Shell
-- See the "IEEEtran_HOWTO" manual for usage information.
-- http://www.michaelshell.org/tex/ieeetran/
\@IEEEtrantmpdimenA=\dimen102
\@IEEEtrantmpdimenB=\dimen103
\@IEEEtrantmpcountA=\count79
\@IEEEtrantmpcountB=\count80
\@IEEEtrantmptoksA=\toks14
LaTeX Font Info:    Try loading font information for OT1+ptm on input line 373.

("D:\Users\dayan\AppData\Local\Programs\MiKTeX 2.9\tex\latex\psnfss\ot1ptm.fd"
File: ot1ptm.fd 2001/06/04 font definitions for OT1/ptm.
)
-- Using 8.5in x 11in (letter) paper.
-- Using PDF output.
\@IEEEnormalsizeunitybaselineskip=\dimen104
-- This is a 10 point document.
\CLASSINFOnormalsizebaselineskip=\dimen105
\CLASSINFOnormalsizeunitybaselineskip=\dimen106
\IEEEnormaljot=\dimen107
LaTeX Font Info:    Font shape `OT1/ptm/bx/n' in size <5> not available
(Font)              Font shape `OT1/ptm/b/n' tried instead on input line 731.
LaTeX Font Info:    Font shape `OT1/ptm/bx/it' in size <5> not available
(Font)              Font shape `OT1/ptm/b/it' tried instead on input line 731.
LaTeX Font Info:    Font shape `OT1/ptm/bx/n' in size <7> not available
(Font)              Font shape `OT1/ptm/b/n' tried instead on input line 731.
LaTeX Font Info:    Font shape `OT1/ptm/bx/it' in size <7> not available
(Font)              Font shape `OT1/ptm/b/it' tried instead on input line 731.
LaTeX Font Info:    Font shape `OT1/ptm/bx/n' in size <8> not available
(Font)              Font shape `OT1/ptm/b/n' tried instead on input line 731.
LaTeX Font Info:    Font shape `OT1/ptm/bx/it' in size <8> not available
(Font)              Font shape `OT1/ptm/b/it' tried instead on input line 731.
LaTeX Font Info:    Font shape `OT1/ptm/bx/n' in size <9> not available
(Font)              Font shape `OT1/ptm/b/n' tried instead on input line 731.
LaTeX Font Info:    Font shape `OT1/ptm/bx/it' in size <9> not available
(Font)              Font shape `OT1/ptm/b/it' tried instead on input line 731.
LaTeX Font Info:    Font shape `OT1/ptm/bx/n' in size <10> not available
(Font)              Font shape `OT1/ptm/b/n' tried instead on input line 731.
LaTeX Font Info:    Font shape `OT1/ptm/bx/it' in size <10> not available
(Font)              Font shape `OT1/ptm/b/it' tried instead on input line 731.
LaTeX Font Info:    Font shape `OT1/ptm/bx/n' in size <11> not available
(Font)              Font shape `OT1/ptm/b/n' tried instead on input line 731.
LaTeX Font Info:    Font shape `OT1/ptm/bx/it' in size <11> not available
(Font)              Font shape `OT1/ptm/b/it' tried instead on input line 731.
LaTeX Font Info:    Font shape `OT1/ptm/bx/n' in size <12> not available
(Font)              Font shape `OT1/ptm/b/n' tried instead on input line 731.
LaTeX Font Info:    Font shape `OT1/ptm/bx/it' in size <12> not available
(Font)              Font shape `OT1/ptm/b/it' tried instead on input line 731.
LaTeX Font Info:    Font shape `OT1/ptm/bx/n' in size <17> not available
(Font)              Font shape `OT1/ptm/b/n' tried instead on input line 731.
LaTeX Font Info:    Font shape `OT1/ptm/bx/it' in size <17> not available
(Font)              Font shape `OT1/ptm/b/it' tried instead on input line 731.
LaTeX Font Info:    Font shape `OT1/ptm/bx/n' in size <20> not available
(Font)              Font shape `OT1/ptm/b/n' tried instead on input line 731.
LaTeX Font Info:    Font shape `OT1/ptm/bx/it' in size <20> not available
(Font)              Font shape `OT1/ptm/b/it' tried instead on input line 731.
LaTeX Font Info:    Font shape `OT1/ptm/bx/n' in size <24> not available
(Font)              Font shape `OT1/ptm/b/n' tried instead on input line 731.
LaTeX Font Info:    Font shape `OT1/ptm/bx/it' in size <24> not available
(Font)              Font shape `OT1/ptm/b/it' tried instead on input line 731.
\IEEEilabelindentA=\dimen108
\IEEEilabelindentB=\dimen109
\IEEEilabelindent=\dimen110
\IEEEelabelindent=\dimen111
\IEEEdlabelindent=\dimen112
\IEEElabelindent=\dimen113
\IEEEiednormlabelsep=\dimen114
\IEEEiedmathlabelsep=\dimen115
\IEEEiedtopsep=\skip41
\c@section=\count81
\c@subsection=\count82
\c@subsubsection=\count83
\c@paragraph=\count84
\c@IEEEsubequation=\count85
\abovecaptionskip=\skip42
\belowcaptionskip=\skip43
\c@figure=\count86
\c@table=\count87
\@IEEEeqnnumcols=\count88
\@IEEEeqncolcnt=\count89
\@IEEEtmpitemindent=\dimen116
\c@IEEEbiography=\count90
\@IEEEtranrubishbin=\box26
) (cite.sty
LaTeX Info: Redefining \cite on input line 302.
LaTeX Info: Redefining \nocite on input line 332.
Package: cite 2015/02/27  v 5.5
)
("D:\Users\dayan\AppData\Local\Programs\MiKTeX 2.9\tex\latex\graphics\graphicx.
sty"
Package: graphicx 2014/10/28 v1.0g Enhanced LaTeX Graphics (DPC,SPQR)

("D:\Users\dayan\AppData\Local\Programs\MiKTeX 2.9\tex\latex\graphics\keyval.st
y"
Package: keyval 2014/10/28 v1.15 key=value parser (DPC)
\KV@toks@=\toks15
)
("D:\Users\dayan\AppData\Local\Programs\MiKTeX 2.9\tex\latex\graphics\graphics.
sty"
Package: graphics 2016/05/09 v1.0r Standard LaTeX Graphics (DPC,SPQR)

("D:\Users\dayan\AppData\Local\Programs\MiKTeX 2.9\tex\latex\graphics\trig.sty"
Package: trig 2016/01/03 v1.10 sin cos tan (DPC)
)
("D:\Users\dayan\AppData\Local\Programs\MiKTeX 2.9\tex\latex\00miktex\graphics.
cfg"
File: graphics.cfg 2016/01/02 v1.10 sample graphics configuration
)
Package graphics Info: Driver file: pdftex.def on input line 96.

("D:\Users\dayan\AppData\Local\Programs\MiKTeX 2.9\tex\latex\pdftex-def\pdftex.
def"
File: pdftex.def 2011/05/27 v0.06d Graphics/color for pdfTeX

("D:\Users\dayan\AppData\Local\Programs\MiKTeX 2.9\tex\generic\oberdiek\infware
rr.sty"
Package: infwarerr 2016/05/16 v1.4 Providing info/warning/error messages (HO)
)
("D:\Users\dayan\AppData\Local\Programs\MiKTeX 2.9\tex\generic\oberdiek\ltxcmds
.sty"
Package: ltxcmds 2016/05/16 v1.23 LaTeX kernel commands for general use (HO)
)
\Gread@gobject=\count91
))
\Gin@req@height=\dimen117
\Gin@req@width=\dimen118
) ("D:\Program Files\MiKTeX 2.9\tex\latex\caption\caption.sty"
Package: caption 2016/02/21 v3.3-144 Customizing captions (AR)

("D:\Program Files\MiKTeX 2.9\tex\latex\caption\caption3.sty"
Package: caption3 2016/05/22 v1.7-166 caption3 kernel (AR)
Package caption3 Info: TeX engine: e-TeX on input line 67.
\captionmargin=\dimen119
\captionmargin@=\dimen120
\captionwidth=\dimen121
\caption@tempdima=\dimen122
\caption@indent=\dimen123
\caption@parindent=\dimen124
\caption@hangindent=\dimen125
Package caption Info: Unknown document class (or package),
(caption)             standard defaults will be used.
)

Package caption Warning: Unsupported document class (or package) detected,
(caption)                usage of the caption package is not recommended.
See the caption package documentation for explanation.

Package caption Info: \@makecaption = \long macro:#1#2->\ifx \@captype \@IEEEta
blestring \footnotesize {\centering \normalfont \footnotesize #1.\qquad \scshap
e #2\par }\@IEEEtablecaptionsepspace \else \@IEEEfigurecaptionsepspace \setbox 
\@tempboxa \hbox {\normalfont \footnotesize {#1.}~~ #2}\ifdim \wd \@tempboxa >\
hsize \setbox \@tempboxa \hbox {\normalfont \footnotesize {#1.}~~ }\parbox [t]{
\hsize }{\normalfont \footnotesize \noindent \unhbox \@tempboxa #2}\else \ifCLA
SSOPTIONconference \hbox to\hsize {\normalfont \footnotesize \box \@tempboxa \h
fil }\else \hbox to\hsize {\normalfont \footnotesize \box \@tempboxa \hfil }\fi
 \fi \fi .
\c@ContinuedFloat=\count92
) (subfig.sty
Package: subfig 2005/06/28 ver: 1.3 subfig package
\c@KVtest=\count93
\sf@farskip=\skip44
\sf@captopadj=\dimen126
\sf@capskip=\skip45
\sf@nearskip=\skip46
\c@subfigure=\count94
\c@subfigure@save=\count95
\c@lofdepth=\count96
\c@subtable=\count97
\c@subtable@save=\count98
\c@lotdepth=\count99
\sf@top=\skip47
\sf@bottom=\skip48
)
("D:\Users\dayan\AppData\Local\Programs\MiKTeX 2.9\tex\latex\amsmath\amsmath.st
y"
Package: amsmath 2016/03/10 v2.15b AMS math features
\@mathmargin=\skip49

For additional information on amsmath, use the `?' option.

("D:\Users\dayan\AppData\Local\Programs\MiKTeX 2.9\tex\latex\amsmath\amstext.st
y"
Package: amstext 2000/06/29 v2.01 AMS text

("D:\Users\dayan\AppData\Local\Programs\MiKTeX 2.9\tex\latex\amsmath\amsgen.sty
"
File: amsgen.sty 1999/11/30 v2.0 generic functions
\@emptytoks=\toks16
\ex@=\dimen127
))
("D:\Users\dayan\AppData\Local\Programs\MiKTeX 2.9\tex\latex\amsmath\amsbsy.sty
"
Package: amsbsy 1999/11/29 v1.2d Bold Symbols
\pmbraise@=\dimen128
)
("D:\Users\dayan\AppData\Local\Programs\MiKTeX 2.9\tex\latex\amsmath\amsopn.sty
"
Package: amsopn 2016/03/08 v2.02 operator names
)
\inf@bad=\count100
LaTeX Info: Redefining \frac on input line 199.
\uproot@=\count101
\leftroot@=\count102
LaTeX Info: Redefining \overline on input line 297.
\classnum@=\count103
\DOTSCASE@=\count104
LaTeX Info: Redefining \ldots on input line 394.
LaTeX Info: Redefining \dots on input line 397.
LaTeX Info: Redefining \cdots on input line 518.
\Mathstrutbox@=\box27
\strutbox@=\box28
\big@size=\dimen129
LaTeX Font Info:    Redeclaring font encoding OML on input line 634.
LaTeX Font Info:    Redeclaring font encoding OMS on input line 635.
\macc@depth=\count105
\c@MaxMatrixCols=\count106
\dotsspace@=\muskip10
\c@parentequation=\count107
\dspbrk@lvl=\count108
\tag@help=\toks17
\row@=\count109
\column@=\count110
\maxfields@=\count111
\andhelp@=\toks18
\eqnshift@=\dimen130
\alignsep@=\dimen131
\tagshift@=\dimen132
\tagwidth@=\dimen133
\totwidth@=\dimen134
\lineht@=\dimen135
\@envbody=\toks19
\multlinegap=\skip50
\multlinetaggap=\skip51
\mathdisplay@stack=\toks20
LaTeX Info: Redefining \[ on input line 2739.
LaTeX Info: Redefining \] on input line 2740.
) (algorithm.sty
Package: algorithm 2009/08/24 v0.1 Document Style `algorithm' - floating enviro
nment

("D:\Users\dayan\AppData\Local\Programs\MiKTeX 2.9\tex\latex\float\float.sty"
Package: float 2001/11/08 v1.3d Float enhancements (AL)
\c@float@type=\count112
\float@exts=\toks21
\float@box=\box29
\@float@everytoks=\toks22
\@floatcapt=\box30
)
("D:\Users\dayan\AppData\Local\Programs\MiKTeX 2.9\tex\latex\base\ifthen.sty"
Package: ifthen 2014/09/29 v1.1c Standard LaTeX ifthen package (DPC)
)
\@float@every@algorithm=\toks23
\c@algorithm=\count113
) (algorithmic.sty
Package: algorithmic 2009/08/24 v0.1 Document Style `algorithmic'
\c@ALC@unique=\count114
\c@ALC@line=\count115
\c@ALC@rem=\count116
\c@ALC@depth=\count117
\ALC@tlm=\skip52
\algorithmicindent=\skip53
) (bare_conf.aux)
\openout1 = `bare_conf.aux'.

LaTeX Font Info:    Checking defaults for OML/cmm/m/it on input line 361.
LaTeX Font Info:    ... okay on input line 361.
LaTeX Font Info:    Checking defaults for T1/cmr/m/n on input line 361.
LaTeX Font Info:    ... okay on input line 361.
LaTeX Font Info:    Checking defaults for OT1/cmr/m/n on input line 361.
LaTeX Font Info:    ... okay on input line 361.
LaTeX Font Info:    Checking defaults for OMS/cmsy/m/n on input line 361.
LaTeX Font Info:    ... okay on input line 361.
LaTeX Font Info:    Checking defaults for OMX/cmex/m/n on input line 361.
LaTeX Font Info:    ... okay on input line 361.
LaTeX Font Info:    Checking defaults for U/cmr/m/n on input line 361.
LaTeX Font Info:    ... okay on input line 361.

("D:\Program Files\MiKTeX 2.9\tex\context\base\supp-pdf.mkii"
[Loading MPS to PDF converter (version 2006.09.02).]
\scratchcounter=\count118
\scratchdimen=\dimen136
\scratchbox=\box31
\nofMPsegments=\count119
\nofMParguments=\count120
\everyMPshowfont=\toks24
\MPscratchCnt=\count121
\MPscratchDim=\dimen137
\MPnumerator=\count122
\makeMPintoPDFobject=\count123
\everyMPtoPDFconversion=\toks25
)
("D:\Users\dayan\AppData\Local\Programs\MiKTeX 2.9\tex\generic\oberdiek\pdftexc
mds.sty"
Package: pdftexcmds 2016/05/10 v0.21 Utility functions of pdfTeX for LuaTeX (HO
)

("D:\Users\dayan\AppData\Local\Programs\MiKTeX 2.9\tex\generic\oberdiek\ifluate
x.sty"
Package: ifluatex 2016/05/16 v1.4 Provides the ifluatex switch (HO)
Package ifluatex Info: LuaTeX not detected.
)
("D:\Users\dayan\AppData\Local\Programs\MiKTeX 2.9\tex\generic\oberdiek\ifpdf.s
ty"
Package: ifpdf 2016/05/14 v3.1 Provides the ifpdf switch
)
Package pdftexcmds Info: LuaTeX not detected.
Package pdftexcmds Info: \pdf@primitive is available.
Package pdftexcmds Info: \pdf@ifprimitive is available.
Package pdftexcmds Info: \pdfdraftmode found.
)
("D:\Users\dayan\AppData\Local\Programs\MiKTeX 2.9\tex\latex\oberdiek\epstopdf-
base.sty"
Package: epstopdf-base 2016/05/15 v2.6 Base part for package epstopdf

("D:\Users\dayan\AppData\Local\Programs\MiKTeX 2.9\tex\latex\oberdiek\grfext.st
y"
Package: grfext 2016/05/16 v1.2 Manage graphics extensions (HO)

("D:\Users\dayan\AppData\Local\Programs\MiKTeX 2.9\tex\generic\oberdiek\kvdefin
ekeys.sty"
Package: kvdefinekeys 2016/05/16 v1.4 Define keys (HO)
))
("D:\Users\dayan\AppData\Local\Programs\MiKTeX 2.9\tex\latex\oberdiek\kvoptions
.sty"
Package: kvoptions 2016/05/16 v3.12 Key value format for package options (HO)

("D:\Users\dayan\AppData\Local\Programs\MiKTeX 2.9\tex\generic\oberdiek\kvsetke
ys.sty"
Package: kvsetkeys 2016/05/16 v1.17 Key value parser (HO)

("D:\Users\dayan\AppData\Local\Programs\MiKTeX 2.9\tex\generic\oberdiek\etexcmd
s.sty"
Package: etexcmds 2016/05/16 v1.6 Avoid name clashes with e-TeX commands (HO)
Package etexcmds Info: Could not find \expanded.
(etexcmds)             That can mean that you are not using pdfTeX 1.50 or
(etexcmds)             that some package has redefined \expanded.
(etexcmds)             In the latter case, load this package earlier.
)))
Package grfext Info: Graphics extension search list:
(grfext)             [.pdf,.jpeg,.png,.eps]
(grfext)             \AppendGraphicsExtensions on input line 456.
)
Package caption Info: Begin \AtBeginDocument code.
Package caption Info: subfig package v1.3 is loaded.
Package caption Info: float package is loaded.
Package caption Info: End \AtBeginDocument code.


LaTeX Warning: No \author given.

LaTeX Font Info:    External font `cmex10' loaded for size
(Font)              <7> on input line 438.
LaTeX Font Info:    External font `cmex10' loaded for size
(Font)              <5> on input line 438.
LaTeX Font Info:    External font `cmex10' loaded for size
(Font)              <8> on input line 449.
LaTeX Font Info:    External font `cmex10' loaded for size
(Font)              <6> on input line 449.

Underfull \hbox (badness 10000) in paragraph at lines 449--449
[][][]\OT1/ptm/m/n/8 http://www.eweek.com/c/a/Search-Engines/Microsoft-Ignored-
the-Long-
 []

[1{C:/Users/dayan/AppData/Local/MiKTeX/2.9/pdftex/config/pdftex.map}


]
<png/zipf.png, id=10, 421.575pt x 316.18124pt>
File: png/zipf.png Graphic file (type png)
 <use png/zipf.png>
Package pdftex.def Info: png/zipf.png used on input line 458.
(pdftex.def)             Requested size: 180.67499pt x 135.50659pt.
 [2 <./png/zipf.png (PNG copy)>]
Missing character: There is no ‚ in font ptmr7t!
Missing character: There is no Ä in font ptmr7t!
Missing character: There is no ô in font ptmr7t!
Missing character: There is no ‚ in font ptmr7t!
Missing character: There is no Ä in font ptmr7t!
Missing character: There is no ú in font ptmr7t!
Missing character: There is no ‚ in font ptmr7t!
Missing character: There is no Ä in font ptmr7t!
Missing character: There is no ù in font ptmr7t!
 [3]
LaTeX Font Info:    Try loading font information for OMS+ptm on input line 558.


("D:\Users\dayan\AppData\Local\Programs\MiKTeX 2.9\tex\latex\psnfss\omsptm.fd"
File: omsptm.fd 
)
LaTeX Font Info:    Font shape `OMS/ptm/m/n' in size <10> not available
(Font)              Font shape `OMS/cmsy/m/n' tried instead on input line 558.

LaTeX Warning: `h' float specifier changed to `ht'.

\c@lemma=\count124
[4]
\c@theorem=\count125
 <png/bfss.png, id=28, 676.929pt x 345.6915pt>
File: png/bfss.png Graphic file (type png)
 <use png/bfss.png>
Package pdftex.def Info: png/bfss.png used on input line 693.
(pdftex.def)             Requested size: 252.94499pt x 129.1698pt.
 [5 <./png/bfss.png>] [6] <png/F(n)-16000000.png, id=36, 526.96875pt x 395.2265
6pt>
File: png/F(n)-16000000.png Graphic file (type png)

<use png/F(n)-16000000.png>
Package pdftex.def Info: png/F(n)-16000000.png used on input line 843.
(pdftex.def)             Requested size: 216.81pt x 162.61081pt.
 <png/n.png, id=37, 820.9872pt x 573.1011pt>
File: png/n.png Graphic file (type png)

<use png/n.png>
Package pdftex.def Info: png/n.png used on input line 852.
(pdftex.def)             Requested size: 137.31255pt x 95.85182pt.

Overfull \hbox (18.37881pt too wide) in paragraph at lines 852--853
 [][] 
 []

<png/F(n).png, id=38, 820.9872pt x 573.1011pt>
File: png/F(n).png Graphic file (type png)
 <use png/F(n).png>
Package pdftex.def Info: png/F(n).png used on input line 856.
(pdftex.def)             Requested size: 137.31255pt x 95.85182pt.

Overfull \hbox (18.37881pt too wide) in paragraph at lines 856--857
 [][] 
 []

[7 <./png/F(n)-16000000.png (PNG copy)> <./png/n.png> <./png/F(n).png>]

LaTeX Warning: `h' float specifier changed to `ht'.

[8] <png/001_recall.png, id=48, 939.51pt x 722.7pt>
File: png/001_recall.png Graphic file (type png)
 <use png/001_recall.png>
Package pdftex.def Info: png/001_recall.png used on input line 962.
(pdftex.def)             Requested size: 187.90244pt x 144.53743pt.

Overfull \hbox (25.4328pt too wide) in paragraph at lines 962--963
 [][] 
 []

<png/0002_recall.png, id=49, 939.51pt x 722.7pt>
File: png/0002_recall.png Graphic file (type png)
 <use png/0002_recall.png>
Package pdftex.def Info: png/0002_recall.png used on input line 966.
(pdftex.def)             Requested size: 187.90244pt x 144.53743pt.

Overfull \hbox (25.4328pt too wide) in paragraph at lines 966--967
 [][] 
 []

<png/recall.png, id=50, 939.51pt x 722.7pt>
File: png/recall.png Graphic file (type png)
 <use png/recall.png>
Package pdftex.def Info: png/recall.png used on input line 970.
(pdftex.def)             Requested size: 187.90244pt x 144.53743pt.

Overfull \hbox (25.4328pt too wide) in paragraph at lines 970--971
 [][] 
 []

<png/001_precision.png, id=51, 939.51pt x 722.7pt>
File: png/001_precision.png Graphic file (type png)
 <use png/001_precision.png>
Package pdftex.def Info: png/001_precision.png used on input line 975.
(pdftex.def)             Requested size: 187.90244pt x 144.53743pt.

Overfull \hbox (25.4328pt too wide) in paragraph at lines 975--976
 [][] 
 []

<png/0002_precision.png, id=52, 939.51pt x 722.7pt>
File: png/0002_precision.png Graphic file (type png)

<use png/0002_precision.png>
Package pdftex.def Info: png/0002_precision.png used on input line 979.
(pdftex.def)             Requested size: 187.90244pt x 144.53743pt.

Overfull \hbox (25.4328pt too wide) in paragraph at lines 979--980
 [][] 
 []

<png/precision.png, id=53, 939.51pt x 722.7pt>
File: png/precision.png Graphic file (type png)
 <use png/precision.png>
Package pdftex.def Info: png/precision.png used on input line 983.
(pdftex.def)             Requested size: 187.90244pt x 144.53743pt.

Overfull \hbox (25.4328pt too wide) in paragraph at lines 983--984
 [][] 
 []

<png/001_f1.png, id=54, 939.51pt x 722.7pt>
File: png/001_f1.png Graphic file (type png)
 <use png/001_f1.png>
Package pdftex.def Info: png/001_f1.png used on input line 988.
(pdftex.def)             Requested size: 187.90244pt x 144.53743pt.

Overfull \hbox (25.4328pt too wide) in paragraph at lines 988--989
 [][] 
 []

<png/0002_f1.png, id=55, 939.51pt x 722.7pt>
File: png/0002_f1.png Graphic file (type png)
 <use png/0002_f1.png>
Package pdftex.def Info: png/0002_f1.png used on input line 992.
(pdftex.def)             Requested size: 187.90244pt x 144.53743pt.

Overfull \hbox (25.4328pt too wide) in paragraph at lines 992--993
 [][] 
 []

<png/f1.png, id=56, 939.51pt x 722.7pt>
File: png/f1.png Graphic file (type png)
 <use png/f1.png>
Package pdftex.def Info: png/f1.png used on input line 996.
(pdftex.def)             Requested size: 187.90244pt x 144.53743pt.

Overfull \hbox (25.4328pt too wide) in paragraph at lines 996--997
 [][] 
 []

<png/001_space.png, id=57, 939.51pt x 722.7pt>
File: png/001_space.png Graphic file (type png)
 <use png/001_space.png>
Package pdftex.def Info: png/001_space.png used on input line 1001.
(pdftex.def)             Requested size: 187.90244pt x 144.53743pt.

Overfull \hbox (25.4328pt too wide) in paragraph at lines 1001--1002
 [][] 
 []

<png/0002_space.png, id=58, 939.51pt x 722.7pt>
File: png/0002_space.png Graphic file (type png)
 <use png/0002_space.png>
Package pdftex.def Info: png/0002_space.png used on input line 1005.
(pdftex.def)             Requested size: 187.90244pt x 144.53743pt.

Overfull \hbox (25.4328pt too wide) in paragraph at lines 1005--1006
 [][] 
 []

<png/space.png, id=59, 939.51pt x 722.7pt>
File: png/space.png Graphic file (type png)
 <use png/space.png>
Package pdftex.def Info: png/space.png used on input line 1009.
(pdftex.def)             Requested size: 187.90244pt x 144.53743pt.

Overfull \hbox (25.4328pt too wide) in paragraph at lines 1009--1010
 [][] 
 []

Missing character: There is no Ô in font ptmr7t!
Missing character: There is no ¨ in font ptmr7t!
Missing character: There is no Ä in font ptmr7t!
<png/F(n)-combine.png, id=60, 526.96875pt x 395.22656pt>
File: png/F(n)-combine.png Graphic file (type png)

<use png/F(n)-combine.png>
Package pdftex.def Info: png/F(n)-combine.png used on input line 1077.
(pdftex.def)             Requested size: 216.81pt x 162.61081pt.
 [9]

LaTeX Warning: Text page 10 contains only floats.


Overfull \vbox (4.24962pt too high) has occurred while \output is active []



LaTeX Warning: Text page 10 contains only floats.


Overfull \vbox (4.24962pt too high) has occurred while \output is active []


[10 <./png/001_recall.png> <./png/0002_recall.png> <./png/recall.png> <./png/00
1_precision.png> <./png/0002_precision.png> <./png/precision.png> <./png/001_f1
.png> <./png/0002_f1.png> <./png/f1.png> <./png/001_space.png> <./png/0002_spac
e.png> <./png/space.png>]
Underfull \vbox (badness 10000) has occurred while \output is active []

 [11 <./png/F(n)-combine.png (PNG copy)>] (bare_conf.bbl
Missing character: There is no ¬ in font ptmr7t!
Missing character: There is no ¥ in font ptmr7t!
Missing character: There is no Ô in font ptmr7t!
Missing character: There is no ¨ in font ptmr7t!
Missing character: There is no Å in font ptmr7t!
Missing character: There is no ‚ in font ptmr7t!
Missing character: There is no Ä in font ptmr7t!
Missing character: There is no ô in font ptmr7t!
Missing character: There is no ‚ in font ptmr7t!
Missing character: There is no Ä in font ptmr7t!
Missing character: There is no ô in font ptmr7t!
)

** Conference Paper **
Before submitting the final camera ready copy, remember to:

 1. Manually equalize the lengths of two columns on the last page
 of your paper;

 2. Ensure that any PostScript and/or PDF output post-processing
 uses only Type 1 fonts and that every step in the generation
 process uses the appropriate paper size.

[12] (bare_conf.aux) ) 
Here is how much of TeX's memory you used:
 4581 strings out of 493335
 71916 string characters out of 3130230
 171370 words of memory out of 3000000
 8042 multiletter control sequences out of 15000+200000
 42026 words of font info for 75 fonts, out of 3000000 for 9000
 1144 hyphenation exceptions out of 8191
 38i,11n,49p,3436b,684s stack positions out of 5000i,500n,10000p,200000b,50000s
{D:/Users/dayan/AppData/Local/Programs/MiKTeX 2.9/fonts/e
nc/dvips/fontname/8r.enc}<D:/Users/dayan/AppData/Local/Programs/MiKTeX 2.9/font
s/type1/public/amsfonts/cm/cmex10.pfb><D:/Users/dayan/AppData/Local/Programs/Mi
KTeX 2.9/fonts/type1/public/amsfonts/cm/cmmi10.pfb><D:/Users/dayan/AppData/Loca
l/Programs/MiKTeX 2.9/fonts/type1/public/amsfonts/cm/cmmi5.pfb><D:/Users/dayan/
AppData/Local/Programs/MiKTeX 2.9/fonts/type1/public/amsfonts/cm/cmmi7.pfb><D:/
Users/dayan/AppData/Local/Programs/MiKTeX 2.9/fonts/type1/public/amsfonts/cm/cm
mi8.pfb><D:/Users/dayan/AppData/Local/Programs/MiKTeX 2.9/fonts/type1/public/am
sfonts/cm/cmr10.pfb><D:/Users/dayan/AppData/Local/Programs/MiKTeX 2.9/fonts/typ
e1/public/amsfonts/cm/cmr5.pfb><D:/Users/dayan/AppData/Local/Programs/MiKTeX 2.
9/fonts/type1/public/amsfonts/cm/cmr6.pfb><D:/Users/dayan/AppData/Local/Program
s/MiKTeX 2.9/fonts/type1/public/amsfonts/cm/cmr7.pfb><D:/Users/dayan/AppData/Lo
cal/Programs/MiKTeX 2.9/fonts/type1/public/amsfonts/cm/cmr8.pfb><D:/Users/dayan
/AppData/Local/Programs/MiKTeX 2.9/fonts/type1/public/amsfonts/cm/cmsy10.pfb><D
:/Users/dayan/AppData/Local/Programs/MiKTeX 2.9/fonts/type1/public/amsfonts/cm/
cmsy5.pfb><D:/Users/dayan/AppData/Local/Programs/MiKTeX 2.9/fonts/type1/public/
amsfonts/cm/cmsy7.pfb><D:/Users/dayan/AppData/Local/Programs/MiKTeX 2.9/fonts/t
ype1/urw/times/utmb8a.pfb><D:/Users/dayan/AppData/Local/Programs/MiKTeX 2.9/fon
ts/type1/urw/times/utmbi8a.pfb><D:/Users/dayan/AppData/Local/Programs/MiKTeX 2.
9/fonts/type1/urw/times/utmr8a.pfb><D:/Users/dayan/AppData/Local/Programs/MiKTe
X 2.9/fonts/type1/urw/times/utmri8a.pfb>
Output written on bare_conf.pdf (12 pages, 1253071 bytes).
PDF statistics:
 142 PDF objects out of 1000 (max. 8388607)
 0 named destinations out of 1000 (max. 500000)
 91 words of extra memory for PDF output out of 10000 (max. 10000000)

